{"/Users/brettbonner/Documents/CS496/assistedLiving/CS-496-Brett-Ryland/assistedlivingdirect/FRONTEND/src/api.js": {"path":"/Users/brettbonner/Documents/CS496/assistedLiving/CS-496-Brett-Ryland/assistedlivingdirect/FRONTEND/src/api.js","statementMap":{"0":{"start":{"line":4,"column":12},"end":{"line":4,"column":48}},"1":{"start":{"line":10,"column":4},"end":{"line":17,"column":5}},"2":{"start":{"line":11,"column":25},"end":{"line":11,"column":45}},"3":{"start":{"line":12,"column":8},"end":{"line":12,"column":29}},"4":{"start":{"line":15,"column":8},"end":{"line":15,"column":67}},"5":{"start":{"line":16,"column":8},"end":{"line":16,"column":20}},"6":{"start":{"line":22,"column":4},"end":{"line":29,"column":5}},"7":{"start":{"line":23,"column":25},"end":{"line":23,"column":56}},"8":{"start":{"line":24,"column":8},"end":{"line":24,"column":29}},"9":{"start":{"line":27,"column":8},"end":{"line":27,"column":65}},"10":{"start":{"line":28,"column":8},"end":{"line":28,"column":20}},"11":{"start":{"line":35,"column":21},"end":{"line":35,"column":35}},"12":{"start":{"line":36,"column":4},"end":{"line":36,"column":40}},"13":{"start":{"line":38,"column":4},"end":{"line":41,"column":7}},"14":{"start":{"line":40,"column":8},"end":{"line":40,"column":48}},"15":{"start":{"line":43,"column":4},"end":{"line":54,"column":5}},"16":{"start":{"line":44,"column":25},"end":{"line":48,"column":10}},"17":{"start":{"line":49,"column":8},"end":{"line":49,"column":29}},"18":{"start":{"line":52,"column":8},"end":{"line":52,"column":65}},"19":{"start":{"line":53,"column":8},"end":{"line":53,"column":20}},"20":{"start":{"line":59,"column":4},"end":{"line":66,"column":5}},"21":{"start":{"line":60,"column":25},"end":{"line":60,"column":70}},"22":{"start":{"line":61,"column":8},"end":{"line":61,"column":29}},"23":{"start":{"line":64,"column":8},"end":{"line":64,"column":65}},"24":{"start":{"line":65,"column":8},"end":{"line":65,"column":20}},"25":{"start":{"line":70,"column":30},"end":{"line":79,"column":1}},"26":{"start":{"line":71,"column":4},"end":{"line":78,"column":5}},"27":{"start":{"line":72,"column":25},"end":{"line":72,"column":59}},"28":{"start":{"line":73,"column":8},"end":{"line":73,"column":29}},"29":{"start":{"line":76,"column":8},"end":{"line":76,"column":65}},"30":{"start":{"line":77,"column":8},"end":{"line":77,"column":20}}},"fnMap":{"0":{"name":"getFacilities","decl":{"start":{"line":9,"column":22},"end":{"line":9,"column":35}},"loc":{"start":{"line":9,"column":38},"end":{"line":18,"column":1}},"line":9},"1":{"name":"getFacilityById","decl":{"start":{"line":21,"column":22},"end":{"line":21,"column":37}},"loc":{"start":{"line":21,"column":42},"end":{"line":30,"column":1}},"line":21},"2":{"name":"createFacility","decl":{"start":{"line":33,"column":22},"end":{"line":33,"column":36}},"loc":{"start":{"line":33,"column":62},"end":{"line":55,"column":1}},"line":33},"3":{"name":"(anonymous_3)","decl":{"start":{"line":38,"column":38},"end":{"line":38,"column":39}},"loc":{"start":{"line":38,"column":45},"end":{"line":41,"column":5}},"line":38},"4":{"name":"updateFacility","decl":{"start":{"line":58,"column":22},"end":{"line":58,"column":36}},"loc":{"start":{"line":58,"column":55},"end":{"line":67,"column":1}},"line":58},"5":{"name":"(anonymous_5)","decl":{"start":{"line":70,"column":30},"end":{"line":70,"column":31}},"loc":{"start":{"line":70,"column":44},"end":{"line":79,"column":1}},"line":70}},"branchMap":{},"s":{"0":1,"1":1,"2":1,"3":1,"4":0,"5":0,"6":0,"7":0,"8":0,"9":0,"10":0,"11":0,"12":0,"13":0,"14":0,"15":0,"16":0,"17":0,"18":0,"19":0,"20":0,"21":0,"22":0,"23":0,"24":0,"25":1,"26":0,"27":0,"28":0,"29":0,"30":0},"f":{"0":1,"1":0,"2":0,"3":0,"4":0,"5":0},"b":{},"_coverageSchema":"1a1c01bbd47fc00a2c39e90264f33305004495a9","hash":"ce13ff21c5ab9fa7a1f0be675d75d8c6dfc0b14e"}
,"/Users/brettbonner/Documents/CS496/assistedLiving/CS-496-Brett-Ryland/assistedlivingdirect/FRONTEND/src/components/Facility/Facility.jsx": {"path":"/Users/brettbonner/Documents/CS496/assistedLiving/CS-496-Brett-Ryland/assistedlivingdirect/FRONTEND/src/components/Facility/Facility.jsx","statementMap":{"0":{"start":{"line":6,"column":26},"end":{"line":9,"column":1}},"1":{"start":{"line":11,"column":22},"end":{"line":14,"column":1}},"2":{"start":{"line":17,"column":40},"end":{"line":17,"column":52}},"3":{"start":{"line":18,"column":42},"end":{"line":18,"column":54}},"4":{"start":{"line":19,"column":36},"end":{"line":19,"column":59}},"5":{"start":{"line":20,"column":52},"end":{"line":20,"column":64}},"6":{"start":{"line":21,"column":50},"end":{"line":21,"column":64}},"7":{"start":{"line":22,"column":17},"end":{"line":22,"column":29}},"8":{"start":{"line":23,"column":18},"end":{"line":23,"column":30}},"9":{"start":{"line":25,"column":32},"end":{"line":32,"column":31}},"10":{"start":{"line":26,"column":4},"end":{"line":31,"column":6}},"11":{"start":{"line":28,"column":8},"end":{"line":30,"column":58}},"12":{"start":{"line":34,"column":28},"end":{"line":34,"column":72}},"13":{"start":{"line":36,"column":2},"end":{"line":68,"column":45}},"14":{"start":{"line":38,"column":21},"end":{"line":38,"column":79}},"15":{"start":{"line":39,"column":29},"end":{"line":39,"column":31}},"16":{"start":{"line":41,"column":6},"end":{"line":60,"column":7}},"17":{"start":{"line":42,"column":24},"end":{"line":42,"column":93}},"18":{"start":{"line":43,"column":8},"end":{"line":59,"column":9}},"19":{"start":{"line":44,"column":10},"end":{"line":58,"column":11}},"20":{"start":{"line":45,"column":29},"end":{"line":47,"column":13}},"21":{"start":{"line":48,"column":12},"end":{"line":55,"column":13}},"22":{"start":{"line":49,"column":14},"end":{"line":52,"column":16}},"23":{"start":{"line":54,"column":14},"end":{"line":54,"column":66}},"24":{"start":{"line":57,"column":12},"end":{"line":57,"column":64}},"25":{"start":{"line":62,"column":6},"end":{"line":64,"column":7}},"26":{"start":{"line":63,"column":8},"end":{"line":63,"column":75}},"27":{"start":{"line":63,"column":40},"end":{"line":63,"column":72}},"28":{"start":{"line":67,"column":4},"end":{"line":67,"column":18}},"29":{"start":{"line":70,"column":2},"end":{"line":77,"column":25}},"30":{"start":{"line":71,"column":4},"end":{"line":76,"column":5}},"31":{"start":{"line":72,"column":30},"end":{"line":72,"column":85}},"32":{"start":{"line":73,"column":6},"end":{"line":75,"column":7}},"33":{"start":{"line":74,"column":8},"end":{"line":74,"column":80}},"34":{"start":{"line":79,"column":2},"end":{"line":171,"column":4}},"35":{"start":{"line":88,"column":31},"end":{"line":88,"column":61}},"36":{"start":{"line":95,"column":10},"end":{"line":134,"column":16}},"37":{"start":{"line":100,"column":14},"end":{"line":103,"column":15}},"38":{"start":{"line":101,"column":16},"end":{"line":101,"column":67}},"39":{"start":{"line":102,"column":16},"end":{"line":102,"column":43}},"40":{"start":{"line":137,"column":55},"end":{"line":137,"column":91}},"41":{"start":{"line":137,"column":81},"end":{"line":137,"column":90}},"42":{"start":{"line":148,"column":30},"end":{"line":148,"column":50}},"43":{"start":{"line":153,"column":33},"end":{"line":153,"column":82}},"44":{"start":{"line":153,"column":63},"end":{"line":153,"column":81}},"45":{"start":{"line":154,"column":16},"end":{"line":154,"column":43}},"46":{"start":{"line":154,"column":31},"end":{"line":154,"column":43}},"47":{"start":{"line":155,"column":16},"end":{"line":165,"column":18}},"48":{"start":{"line":160,"column":44},"end":{"line":160,"column":98}},"49":{"start":{"line":160,"column":79},"end":{"line":160,"column":97}},"50":{"start":{"line":161,"column":22},"end":{"line":161,"column":57}},"51":{"start":{"line":162,"column":22},"end":{"line":162,"column":59}}},"fnMap":{"0":{"name":"Facility","decl":{"start":{"line":16,"column":9},"end":{"line":16,"column":17}},"loc":{"start":{"line":16,"column":34},"end":{"line":172,"column":1}},"line":16},"1":{"name":"(anonymous_1)","decl":{"start":{"line":25,"column":40},"end":{"line":25,"column":41}},"loc":{"start":{"line":25,"column":46},"end":{"line":32,"column":3}},"line":25},"2":{"name":"(anonymous_2)","decl":{"start":{"line":27,"column":6},"end":{"line":27,"column":7}},"loc":{"start":{"line":28,"column":8},"end":{"line":30,"column":58}},"line":28},"3":{"name":"(anonymous_3)","decl":{"start":{"line":36,"column":12},"end":{"line":36,"column":13}},"loc":{"start":{"line":36,"column":18},"end":{"line":68,"column":3}},"line":36},"4":{"name":"fetchLatLng","decl":{"start":{"line":37,"column":19},"end":{"line":37,"column":30}},"loc":{"start":{"line":37,"column":33},"end":{"line":65,"column":5}},"line":37},"5":{"name":"(anonymous_5)","decl":{"start":{"line":63,"column":29},"end":{"line":63,"column":30}},"loc":{"start":{"line":63,"column":40},"end":{"line":63,"column":72}},"line":63},"6":{"name":"(anonymous_6)","decl":{"start":{"line":70,"column":12},"end":{"line":70,"column":13}},"loc":{"start":{"line":70,"column":18},"end":{"line":77,"column":3}},"line":70},"7":{"name":"(anonymous_7)","decl":{"start":{"line":88,"column":24},"end":{"line":88,"column":25}},"loc":{"start":{"line":88,"column":31},"end":{"line":88,"column":61}},"line":88},"8":{"name":"(anonymous_8)","decl":{"start":{"line":94,"column":31},"end":{"line":94,"column":32}},"loc":{"start":{"line":95,"column":10},"end":{"line":134,"column":16}},"line":95},"9":{"name":"(anonymous_9)","decl":{"start":{"line":99,"column":21},"end":{"line":99,"column":22}},"loc":{"start":{"line":99,"column":27},"end":{"line":104,"column":13}},"line":99},"10":{"name":"(anonymous_10)","decl":{"start":{"line":137,"column":49},"end":{"line":137,"column":50}},"loc":{"start":{"line":137,"column":55},"end":{"line":137,"column":91}},"line":137},"11":{"name":"(anonymous_11)","decl":{"start":{"line":137,"column":71},"end":{"line":137,"column":72}},"loc":{"start":{"line":137,"column":81},"end":{"line":137,"column":90}},"line":137},"12":{"name":"(anonymous_12)","decl":{"start":{"line":148,"column":20},"end":{"line":148,"column":21}},"loc":{"start":{"line":148,"column":30},"end":{"line":148,"column":50}},"line":148},"13":{"name":"(anonymous_13)","decl":{"start":{"line":152,"column":19},"end":{"line":152,"column":20}},"loc":{"start":{"line":152,"column":35},"end":{"line":166,"column":15}},"line":152},"14":{"name":"(anonymous_14)","decl":{"start":{"line":153,"column":56},"end":{"line":153,"column":57}},"loc":{"start":{"line":153,"column":63},"end":{"line":153,"column":81}},"line":153},"15":{"name":"(anonymous_15)","decl":{"start":{"line":159,"column":29},"end":{"line":159,"column":30}},"loc":{"start":{"line":159,"column":35},"end":{"line":163,"column":21}},"line":159},"16":{"name":"(anonymous_16)","decl":{"start":{"line":160,"column":72},"end":{"line":160,"column":73}},"loc":{"start":{"line":160,"column":79},"end":{"line":160,"column":97}},"line":160}},"branchMap":{"0":{"loc":{"start":{"line":28,"column":8},"end":{"line":30,"column":58}},"type":"binary-expr","locations":[{"start":{"line":28,"column":8},"end":{"line":28,"column":71}},{"start":{"line":29,"column":8},"end":{"line":29,"column":73}},{"start":{"line":30,"column":8},"end":{"line":30,"column":58}}],"line":28},"1":{"loc":{"start":{"line":38,"column":21},"end":{"line":38,"column":79}},"type":"binary-expr","locations":[{"start":{"line":38,"column":21},"end":{"line":38,"column":61}},{"start":{"line":38,"column":65},"end":{"line":38,"column":79}}],"line":38},"2":{"loc":{"start":{"line":43,"column":8},"end":{"line":59,"column":9}},"type":"if","locations":[{"start":{"line":43,"column":8},"end":{"line":59,"column":9}},{"start":{},"end":{}}],"line":43},"3":{"loc":{"start":{"line":48,"column":12},"end":{"line":55,"column":13}},"type":"if","locations":[{"start":{"line":48,"column":12},"end":{"line":55,"column":13}},{"start":{"line":53,"column":19},"end":{"line":55,"column":13}}],"line":48},"4":{"loc":{"start":{"line":48,"column":16},"end":{"line":48,"column":77}},"type":"binary-expr","locations":[{"start":{"line":48,"column":16},"end":{"line":48,"column":24}},{"start":{"line":48,"column":28},"end":{"line":48,"column":41}},{"start":{"line":48,"column":45},"end":{"line":48,"column":77}}],"line":48},"5":{"loc":{"start":{"line":62,"column":6},"end":{"line":64,"column":7}},"type":"if","locations":[{"start":{"line":62,"column":6},"end":{"line":64,"column":7}},{"start":{},"end":{}}],"line":62},"6":{"loc":{"start":{"line":71,"column":4},"end":{"line":76,"column":5}},"type":"if","locations":[{"start":{"line":71,"column":4},"end":{"line":76,"column":5}},{"start":{},"end":{}}],"line":71},"7":{"loc":{"start":{"line":71,"column":8},"end":{"line":71,"column":52}},"type":"binary-expr","locations":[{"start":{"line":71,"column":8},"end":{"line":71,"column":33}},{"start":{"line":71,"column":37},"end":{"line":71,"column":52}}],"line":71},"8":{"loc":{"start":{"line":73,"column":6},"end":{"line":75,"column":7}},"type":"if","locations":[{"start":{"line":73,"column":6},"end":{"line":75,"column":7}},{"start":{},"end":{}}],"line":73},"9":{"loc":{"start":{"line":98,"column":40},"end":{"line":98,"column":84}},"type":"cond-expr","locations":[{"start":{"line":98,"column":69},"end":{"line":98,"column":79}},{"start":{"line":98,"column":82},"end":{"line":98,"column":84}}],"line":98},"10":{"loc":{"start":{"line":100,"column":14},"end":{"line":103,"column":15}},"type":"if","locations":[{"start":{"line":100,"column":14},"end":{"line":103,"column":15}},{"start":{},"end":{}}],"line":100},"11":{"loc":{"start":{"line":109,"column":17},"end":{"line":109,"column":47}},"type":"binary-expr","locations":[{"start":{"line":109,"column":17},"end":{"line":109,"column":34}},{"start":{"line":109,"column":38},"end":{"line":109,"column":47}}],"line":109},"12":{"loc":{"start":{"line":111,"column":41},"end":{"line":111,"column":83}},"type":"binary-expr","locations":[{"start":{"line":111,"column":41},"end":{"line":111,"column":67}},{"start":{"line":111,"column":71},"end":{"line":111,"column":83}}],"line":111},"13":{"loc":{"start":{"line":111,"column":87},"end":{"line":111,"column":113}},"type":"binary-expr","locations":[{"start":{"line":111,"column":87},"end":{"line":111,"column":100}},{"start":{"line":111,"column":104},"end":{"line":111,"column":113}}],"line":111},"14":{"loc":{"start":{"line":111,"column":117},"end":{"line":111,"column":145}},"type":"binary-expr","locations":[{"start":{"line":111,"column":117},"end":{"line":111,"column":132}},{"start":{"line":111,"column":136},"end":{"line":111,"column":145}}],"line":111},"15":{"loc":{"start":{"line":111,"column":148},"end":{"line":111,"column":185}},"type":"binary-expr","locations":[{"start":{"line":111,"column":148},"end":{"line":111,"column":168}},{"start":{"line":111,"column":172},"end":{"line":111,"column":185}}],"line":111},"16":{"loc":{"start":{"line":114,"column":46},"end":{"line":114,"column":74}},"type":"binary-expr","locations":[{"start":{"line":114,"column":46},"end":{"line":114,"column":61}},{"start":{"line":114,"column":65},"end":{"line":114,"column":74}}],"line":114},"17":{"loc":{"start":{"line":117,"column":13},"end":{"line":121,"column":13}},"type":"binary-expr","locations":[{"start":{"line":117,"column":13},"end":{"line":117,"column":39}},{"start":{"line":118,"column":14},"end":{"line":120,"column":18}}],"line":117},"18":{"loc":{"start":{"line":123,"column":13},"end":{"line":125,"column":13}},"type":"binary-expr","locations":[{"start":{"line":123,"column":13},"end":{"line":123,"column":53}},{"start":{"line":124,"column":14},"end":{"line":124,"column":74}}],"line":123},"19":{"loc":{"start":{"line":126,"column":13},"end":{"line":128,"column":13}},"type":"binary-expr","locations":[{"start":{"line":126,"column":13},"end":{"line":126,"column":49}},{"start":{"line":127,"column":14},"end":{"line":127,"column":66}}],"line":126},"20":{"loc":{"start":{"line":136,"column":9},"end":{"line":140,"column":9}},"type":"binary-expr","locations":[{"start":{"line":136,"column":9},"end":{"line":136,"column":52}},{"start":{"line":137,"column":10},"end":{"line":139,"column":19}}],"line":136},"21":{"loc":{"start":{"line":154,"column":16},"end":{"line":154,"column":43}},"type":"if","locations":[{"start":{"line":154,"column":16},"end":{"line":154,"column":43}},{"start":{},"end":{}}],"line":154}},"s":{"0":1,"1":1,"2":9,"3":9,"4":9,"5":9,"6":9,"7":9,"8":9,"9":9,"10":7,"11":72,"12":9,"13":9,"14":9,"15":9,"16":9,"17":122,"18":122,"19":121,"20":121,"21":121,"22":12,"23":109,"24":0,"25":9,"26":8,"27":6,"28":9,"29":9,"30":6,"31":0,"32":0,"33":0,"34":9,"35":1,"36":122,"37":0,"38":0,"39":0,"40":1,"41":1,"42":9,"43":2,"44":2,"45":2,"46":1,"47":1,"48":0,"49":0,"50":0,"51":0},"f":{"0":9,"1":7,"2":72,"3":9,"4":9,"5":6,"6":6,"7":1,"8":122,"9":0,"10":1,"11":1,"12":9,"13":2,"14":2,"15":0,"16":0},"b":{"0":[72,1,1],"1":[9,9],"2":[121,1],"3":[12,109],"4":[121,12,12],"5":[8,1],"6":[0,6],"7":[6,0],"8":[0,0],"9":[0,122],"10":[0,0],"11":[122,0],"12":[122,0],"13":[122,0],"14":[122,0],"15":[122,0],"16":[122,0],"17":[122,0],"18":[122,0],"19":[122,0],"20":[9,1],"21":[1,1]},"_coverageSchema":"1a1c01bbd47fc00a2c39e90264f33305004495a9","hash":"26a2a969aa9c232e4fbe400c9a43a46822a53571"}
}
