TN:
SF:src/App.jsx
FN:10,App
FN:15,(anonymous_1)
FNF:2
FNH:0
FNDA:0,App
FNDA:0,(anonymous_1)
DA:11,0
DA:12,0
DA:13,0
DA:15,0
DA:16,0
DA:17,0
DA:19,0
DA:20,0
DA:21,0
DA:22,0
DA:23,0
DA:25,0
DA:29,0
DA:32,0
DA:36,0
LF:15
LH:0
BRDA:22,0,0,0
BRDA:22,0,1,0
BRDA:22,1,0,0
BRDA:22,1,1,0
BRF:4
BRH:0
end_of_record
TN:
SF:src/api.js
FN:9,getFacilities
FN:21,getFacilityById
FN:33,FacilityHandler
FN:48,updateFacility
FN:67,(anonymous_4)
FNF:5
FNH:5
FNDA:2,getFacilities
FNDA:2,getFacilityById
FNDA:2,FacilityHandler
FNDA:2,updateFacility
FNDA:2,(anonymous_4)
DA:4,1
DA:10,2
DA:11,2
DA:12,1
DA:15,1
DA:16,1
DA:22,2
DA:23,2
DA:24,1
DA:27,1
DA:28,1
DA:34,2
DA:35,2
DA:39,1
DA:42,1
DA:43,1
DA:49,2
DA:50,2
DA:53,2
DA:54,2
DA:57,2
DA:58,1
DA:61,1
DA:62,1
DA:67,1
DA:68,2
DA:69,2
DA:70,1
DA:73,1
DA:74,1
LF:30
LH:30
BRDA:53,0,0,2
BRDA:53,0,1,0
BRF:2
BRH:1
end_of_record
TN:
SF:src/main.jsx
FNF:0
FNH:0
DA:6,0
LF:1
LH:0
BRF:0
BRH:0
end_of_record
TN:
SF:src/components/Admin/Admin.jsx
FN:7,(anonymous_0)
FN:35,(anonymous_1)
FN:40,(anonymous_2)
FN:55,(anonymous_3)
FN:63,(anonymous_4)
FN:87,(anonymous_5)
FN:94,(anonymous_6)
FN:107,(anonymous_7)
FN:112,(anonymous_8)
FN:138,(anonymous_9)
FN:172,(anonymous_10)
FN:191,(anonymous_11)
FN:230,(anonymous_12)
FN:265,(anonymous_13)
FN:275,(anonymous_14)
FNF:15
FNH:0
FNDA:0,(anonymous_0)
FNDA:0,(anonymous_1)
FNDA:0,(anonymous_2)
FNDA:0,(anonymous_3)
FNDA:0,(anonymous_4)
FNDA:0,(anonymous_5)
FNDA:0,(anonymous_6)
FNDA:0,(anonymous_7)
FNDA:0,(anonymous_8)
FNDA:0,(anonymous_9)
FNDA:0,(anonymous_10)
FNDA:0,(anonymous_11)
FNDA:0,(anonymous_12)
FNDA:0,(anonymous_13)
FNDA:0,(anonymous_14)
DA:7,0
DA:9,0
DA:10,0
DA:11,0
DA:12,0
DA:13,0
DA:14,0
DA:15,0
DA:16,0
DA:19,0
DA:32,0
DA:35,0
DA:36,0
DA:40,0
DA:41,0
DA:42,0
DA:43,0
DA:44,0
DA:47,0
DA:50,0
DA:55,0
DA:56,0
DA:57,0
DA:63,0
DA:64,0
DA:65,0
DA:68,0
DA:69,0
DA:72,0
DA:78,0
DA:79,0
DA:87,0
DA:89,0
DA:91,0
DA:92,0
DA:93,0
DA:94,0
DA:97,0
DA:101,0
DA:102,0
DA:107,0
DA:108,0
DA:111,0
DA:113,0
DA:114,0
DA:119,0
DA:120,0
DA:124,0
DA:125,0
DA:129,0
DA:130,0
DA:133,0
DA:134,0
DA:138,0
DA:139,0
DA:141,0
DA:142,0
DA:145,0
DA:146,0
DA:147,0
DA:148,0
DA:150,0
DA:153,0
DA:154,0
DA:155,0
DA:156,0
DA:159,0
DA:160,0
DA:161,0
DA:164,0
DA:167,0
DA:172,0
DA:173,0
DA:174,0
DA:177,0
DA:178,0
DA:179,0
DA:180,0
DA:183,0
DA:186,0
DA:191,0
DA:192,0
DA:193,0
DA:194,0
DA:195,0
DA:196,0
DA:197,0
DA:211,0
DA:212,0
DA:215,0
DA:217,0
DA:221,0
DA:224,0
DA:230,0
DA:231,0
DA:245,0
DA:246,0
DA:247,0
DA:248,0
DA:252,0
DA:253,0
DA:256,0
DA:266,0
DA:267,0
DA:276,0
DA:277,0
LF:106
LH:0
BRDA:56,0,0,0
BRDA:56,0,1,0
BRDA:57,1,0,0
BRDA:57,1,1,0
BRDA:68,2,0,0
BRDA:68,2,1,0
BRDA:69,3,0,0
BRDA:69,3,1,0
BRDA:78,4,0,0
BRDA:78,4,1,0
BRDA:91,5,0,0
BRDA:91,5,1,0
BRDA:113,6,0,0
BRDA:113,6,1,0
BRDA:119,7,0,0
BRDA:119,7,1,0
BRDA:119,8,0,0
BRDA:119,8,1,0
BRDA:124,9,0,0
BRDA:124,9,1,0
BRDA:124,10,0,0
BRDA:124,10,1,0
BRDA:129,11,0,0
BRDA:129,11,1,0
BRDA:129,12,0,0
BRDA:129,12,1,0
BRDA:129,12,2,0
BRDA:141,13,0,0
BRDA:141,13,1,0
BRDA:148,14,0,0
BRDA:148,14,1,0
BRDA:153,15,0,0
BRDA:153,15,1,0
BRDA:155,16,0,0
BRDA:155,16,1,0
BRDA:155,17,0,0
BRDA:155,17,1,0
BRDA:173,18,0,0
BRDA:173,18,1,0
BRDA:195,19,0,0
BRDA:195,19,1,0
BRDA:198,20,0,0
BRDA:198,20,1,0
BRDA:199,21,0,0
BRDA:199,21,1,0
BRDA:200,22,0,0
BRDA:200,22,1,0
BRDA:201,23,0,0
BRDA:201,23,1,0
BRDA:202,24,0,0
BRDA:202,24,1,0
BRDA:203,25,0,0
BRDA:203,25,1,0
BRDA:204,26,0,0
BRDA:204,26,1,0
BRDA:205,27,0,0
BRDA:205,27,1,0
BRDA:206,28,0,0
BRDA:206,28,1,0
BRDA:207,29,0,0
BRDA:207,29,1,0
BRDA:208,30,0,0
BRDA:208,30,1,0
BRDA:211,31,0,0
BRDA:211,31,1,0
BRDA:252,32,0,0
BRDA:252,32,1,0
BRDA:252,33,0,0
BRDA:252,33,1,0
BRDA:260,34,0,0
BRDA:260,34,1,0
BRDA:263,35,0,0
BRDA:263,35,1,0
BRDA:286,36,0,0
BRDA:286,36,1,0
BRDA:297,37,0,0
BRDA:297,37,1,0
BRDA:297,37,2,0
BRF:78
BRH:0
end_of_record
TN:
SF:src/components/Admin/FacilityHandler/FacilityHandler.jsx
FN:3,(anonymous_0)
FN:17,(anonymous_1)
FN:21,(anonymous_2)
FN:211,(anonymous_3)
FN:226,(anonymous_4)
FNF:5
FNH:0
FNDA:0,(anonymous_0)
FNDA:0,(anonymous_1)
FNDA:0,(anonymous_2)
FNDA:0,(anonymous_3)
FNDA:0,(anonymous_4)
DA:3,0
DA:17,0
DA:18,0
DA:19,0
DA:20,0
DA:21,0
DA:23,0
DA:25,0
DA:27,0
DA:31,0
DA:212,0
DA:213,0
DA:227,0
DA:228,0
LF:14
LH:0
BRDA:19,0,0,0
BRDA:19,0,1,0
BRDA:33,1,0,0
BRDA:33,1,1,0
BRDA:45,2,0,0
BRDA:45,2,1,0
BRDA:47,3,0,0
BRDA:47,3,1,0
BRDA:58,4,0,0
BRDA:58,4,1,0
BRDA:60,5,0,0
BRDA:60,5,1,0
BRDA:73,6,0,0
BRDA:73,6,1,0
BRDA:75,7,0,0
BRDA:75,7,1,0
BRDA:86,8,0,0
BRDA:86,8,1,0
BRDA:88,9,0,0
BRDA:88,9,1,0
BRDA:99,10,0,0
BRDA:99,10,1,0
BRDA:101,11,0,0
BRDA:101,11,1,0
BRDA:114,12,0,0
BRDA:114,12,1,0
BRDA:116,13,0,0
BRDA:116,13,1,0
BRDA:128,14,0,0
BRDA:128,14,1,0
BRDA:130,15,0,0
BRDA:130,15,1,0
BRDA:141,16,0,0
BRDA:141,16,1,0
BRDA:143,17,0,0
BRDA:143,17,1,0
BRDA:156,18,0,0
BRDA:156,18,1,0
BRDA:158,19,0,0
BRDA:158,19,1,0
BRDA:200,20,0,0
BRDA:200,20,1,0
BRDA:239,21,0,0
BRDA:239,21,1,0
BRDA:239,22,0,0
BRDA:239,22,1,0
BRF:46
BRH:0
end_of_record
TN:
SF:src/components/Admin/FacilityList/FacilityList.jsx
FN:3,(anonymous_0)
FN:4,(anonymous_1)
FN:17,(anonymous_2)
FN:41,(anonymous_3)
FN:49,(anonymous_4)
FN:63,(anonymous_5)
FN:69,(anonymous_6)
FNF:7
FNH:0
FNDA:0,(anonymous_0)
FNDA:0,(anonymous_1)
FNDA:0,(anonymous_2)
FNDA:0,(anonymous_3)
FNDA:0,(anonymous_4)
FNDA:0,(anonymous_5)
FNDA:0,(anonymous_6)
DA:3,0
DA:4,0
DA:5,0
DA:10,0
DA:17,0
DA:42,0
DA:50,0
DA:51,0
DA:63,0
DA:69,0
LF:10
LH:0
BRDA:5,0,0,0
BRDA:5,0,1,0
BRDA:5,0,2,0
BRDA:34,1,0,0
BRDA:34,1,1,0
BRDA:37,2,0,0
BRDA:37,2,1,0
BRDA:44,3,0,0
BRDA:44,3,1,0
BRF:9
BRH:0
end_of_record
TN:
SF:src/components/Facility/Facility.jsx
FN:16,Facility
FN:25,(anonymous_1)
FN:27,(anonymous_2)
FN:36,(anonymous_3)
FN:37,fetchLatLng
FN:63,(anonymous_5)
FN:70,(anonymous_6)
FN:88,(anonymous_7)
FN:94,(anonymous_8)
FN:99,(anonymous_9)
FN:137,(anonymous_10)
FN:137,(anonymous_11)
FN:148,(anonymous_12)
FN:152,(anonymous_13)
FN:153,(anonymous_14)
FN:159,(anonymous_15)
FN:160,(anonymous_16)
FNF:17
FNH:14
FNDA:9,Facility
FNDA:7,(anonymous_1)
FNDA:72,(anonymous_2)
FNDA:9,(anonymous_3)
FNDA:9,fetchLatLng
FNDA:6,(anonymous_5)
FNDA:6,(anonymous_6)
FNDA:1,(anonymous_7)
FNDA:122,(anonymous_8)
FNDA:0,(anonymous_9)
FNDA:1,(anonymous_10)
FNDA:1,(anonymous_11)
FNDA:9,(anonymous_12)
FNDA:2,(anonymous_13)
FNDA:2,(anonymous_14)
FNDA:0,(anonymous_15)
FNDA:0,(anonymous_16)
DA:6,1
DA:11,1
DA:17,9
DA:18,9
DA:19,9
DA:20,9
DA:21,9
DA:22,9
DA:23,9
DA:25,9
DA:26,7
DA:28,72
DA:34,9
DA:36,9
DA:38,9
DA:39,9
DA:41,9
DA:42,122
DA:43,122
DA:44,121
DA:45,121
DA:48,121
DA:49,12
DA:54,109
DA:57,0
DA:62,9
DA:63,8
DA:67,9
DA:70,9
DA:71,6
DA:72,0
DA:73,0
DA:74,0
DA:79,9
DA:88,1
DA:95,122
DA:100,0
DA:101,0
DA:102,0
DA:137,1
DA:148,9
DA:153,2
DA:154,2
DA:155,1
DA:160,0
DA:161,0
DA:162,0
LF:47
LH:37
BRDA:28,0,0,72
BRDA:28,0,1,1
BRDA:28,0,2,1
BRDA:38,1,0,9
BRDA:38,1,1,9
BRDA:43,2,0,121
BRDA:43,2,1,1
BRDA:48,3,0,12
BRDA:48,3,1,109
BRDA:48,4,0,121
BRDA:48,4,1,12
BRDA:48,4,2,12
BRDA:62,5,0,8
BRDA:62,5,1,1
BRDA:71,6,0,0
BRDA:71,6,1,6
BRDA:71,7,0,6
BRDA:71,7,1,0
BRDA:73,8,0,0
BRDA:73,8,1,0
BRDA:98,9,0,0
BRDA:98,9,1,122
BRDA:100,10,0,0
BRDA:100,10,1,0
BRDA:109,11,0,122
BRDA:109,11,1,0
BRDA:111,12,0,122
BRDA:111,12,1,0
BRDA:111,13,0,122
BRDA:111,13,1,0
BRDA:111,14,0,122
BRDA:111,14,1,0
BRDA:111,15,0,122
BRDA:111,15,1,0
BRDA:114,16,0,122
BRDA:114,16,1,0
BRDA:117,17,0,122
BRDA:117,17,1,0
BRDA:123,18,0,122
BRDA:123,18,1,0
BRDA:126,19,0,122
BRDA:126,19,1,0
BRDA:136,20,0,9
BRDA:136,20,1,1
BRDA:154,21,0,1
BRDA:154,21,1,1
BRF:46
BRH:30
end_of_record
TN:
SF:src/components/FacilitySearch/FacilitySearch.jsx
FN:4,FacilitySearch
FN:5,(anonymous_1)
FNF:2
FNH:0
FNDA:0,FacilitySearch
FNDA:0,(anonymous_1)
DA:5,0
DA:6,0
DA:9,0
LF:3
LH:0
BRF:0
BRH:0
end_of_record
TN:
SF:src/components/Home/Home.jsx
FN:5,Home
FN:18,(anonymous_1)
FNF:2
FNH:2
FNDA:2,Home
FNDA:1,(anonymous_1)
DA:6,2
DA:8,2
DA:19,1
DA:20,1
DA:21,1
LF:5
LH:5
BRF:0
BRH:0
end_of_record
TN:
SF:src/components/Navbar/Navbar.jsx
FN:5,Navbar
FNF:1
FNH:1
FNDA:1,Navbar
DA:6,1
LF:1
LH:1
BRF:0
BRH:0
end_of_record
